
Added State grid points 
630

369

31
21

Made post state 

SymbolicModelGrowthBound done
0.........10.........20.........30.........40.........50.........60.........70.........80.........90.........100
Elapsed time is 1023.87 seconds.

Number of elements in the transition relation: 72609

Building controller 
Iterations: .. number: 3
Elapsed time is 0.000329311 seconds.
Controller built
Domain size: 11808
Symbolic set saved to file: 04sec_t008a015.bdd

Added State grid points 
5740

3320

358
21

Made post state 

SymbolicModelGrowthBound done
0.........10.........20.........30.........40.........50.........60.........70.........80.........90.........100
Elapsed time is 26.8059 seconds.

Number of elements in the transition relation: 692656

Building controller 
Iterations: .......... number: 11
Elapsed time is 0.0837242 seconds.
Controller built
Domain size: 124883
Symbolic set saved to file: 04sec_t008a015.bdd

Added State grid points 
42120

24251

2925
21

Made post state 

SymbolicModelGrowthBound done
0.........10.........20.........30.........40.........50.........60.........70.........80.........90.........100
Elapsed time is 201.904 seconds.

Number of elements in the transition relation: 5.59618e+06

Building controller 
Iterations: ........ number: 9
Elapsed time is 0.813524 seconds.
Controller built
Domain size: 934713
Symbolic set saved to file: 04sec_t008a015.bdd

Added State grid points 
347760

200639

22757
21

Made post state 

SymbolicModelGrowthBound done
0.........10.........20.........30.........40.........50.........60.........70.........80.........90.........100
Elapsed time is 1750.53 seconds.

Number of elements in the transition relation: 4.88073e+07

Building controller 
Iterations: ........ number: 9
Elapsed time is 11.0344 seconds.
Controller built
Domain size: 7.83686e+06
Symbolic set saved to file: 04sec_t008a015.bdd
