Symbolic set saved to file: Target_Obst_SS/vehicle_ss_DDS.bdd
Symbolic set saved to file: Target_Obst_SS/vehicle_obst_DDS.bdd
Symbolic set saved to file: Target_Obst_SS/vehicle_target_DDS.bdd
0.........10.........20.........30.........40.........50.........60.........70.........80.........90.........100
Elapsed time is 1074.97 seconds.

Number of elements in the transition relation: 84402
Iterations: . number: 2
Elapsed time is 2.4048e-05 seconds.
Controller size: 0
Symbolic set saved to file: Target_Obst_SS/vehicle_ss_DDS.bdd
Symbolic set saved to file: Target_Obst_SS/vehicle_obst_DDS.bdd
Symbolic set saved to file: Target_Obst_SS/vehicle_target_DDS.bdd
0.........10.........20.........30.........40.........50.........60.........70.........80.........90.........100
Elapsed time is 17.5361 seconds.

Number of elements in the transition relation: 381780
Iterations: . number: 2
Elapsed time is 3.7202e-05 seconds.
Controller size: 0
Symbolic set saved to file: Target_Obst_SS/vehicle_ss_DDS.bdd
Symbolic set saved to file: Target_Obst_SS/vehicle_obst_DDS.bdd
Symbolic set saved to file: Target_Obst_SS/vehicle_target_DDS.bdd
0.........10.........20.........30.........40.........50.........60.........70.........80.........90.........100
Elapsed time is 139.975 seconds.

Number of elements in the transition relation: 3.50804e+06
Iterations: . number: 2
Elapsed time is 0.00010946 seconds.
Controller size: 0
Symbolic set saved to file: Target_Obst_SS/vehicle_ss_DDS.bdd
Symbolic set saved to file: Target_Obst_SS/vehicle_obst_DDS.bdd
Symbolic set saved to file: Target_Obst_SS/vehicle_target_DDS.bdd
0.........10.........20.........30.........40.........50.........60.........70.........80.........90.........100
Elapsed time is 1170.66 seconds.

Number of elements in the transition relation: 4.62625e+07
Iterations: ... number: 4
Elapsed time is 2.78889 seconds.
Controller size: 8968
Symbolic set saved to file: Controllers/vehicle_controller_DDS.bdd
Symbolic set saved to file: Target_Obst_SS/vehicle_ss_DDS.bdd
Symbolic set saved to file: Target_Obst_SS/vehicle_obst_DDS.bdd
Symbolic set saved to file: Target_Obst_SS/vehicle_target_DDS.bdd
0.........10.........20.........30.........40.........50.........60.........70.........80.........90.........100
Elapsed time is 11845.3 seconds.

Number of elements in the transition relation: 6.77235e+08
Iterations: ................................................................................
................................................................................
................................................................................
................................................................................
................................................................................
................................................................................
................................................................................
................................................................................
................ number: 657
Elapsed time is 16537.3 seconds.
Controller size: 927096
Symbolic set saved to file: Controllers/vehicle_controller_DDS.bdd
