0.........10.........20.........30.........40.........50.........60.........70.........80.........90.........100
Elapsed time is 408.291 seconds.

Number of elements in the transition relation: 74670
Target set details:
Symbolic set saved to file: Target_Obst_SS/dcdcDDS_target.bdd
Iterations: ................................................................................
................................................................................
... number: 164
Elapsed time is 3.67185 seconds.
Controller Size: 10743
Symbolic set saved to file: Controllers/dcdcDDS_controller.bdd
0.........10.........20.........30.........40.........50.........60.........70.........80.........90.........100
Elapsed time is 27.2422 seconds.

Number of elements in the transition relation: 302222
Target set details:
Symbolic set saved to file: Target_Obst_SS/dcdcDDS_target.bdd
Iterations: ................................................................................
.... number: 85
Elapsed time is 10.9751 seconds.
Controller Size: 44890
Symbolic set saved to file: Controllers/dcdcDDS_controller.bdd
0.........10.........20.........30.........40.........50.........60.........70.........80.........90.........100
Elapsed time is 114.248 seconds.

Number of elements in the transition relation: 1.24805e+06
Target set details:
Symbolic set saved to file: Target_Obst_SS/dcdcDDS_target.bdd
Iterations: .............................................................................. number: 79
Elapsed time is 104.712 seconds.
Controller Size: 183538
Symbolic set saved to file: Controllers/dcdcDDS_controller.bdd
